<?xml version="1.0" encoding="UTF-8"?>
<robot generator="Robot 4.1.2 (Python 3.10.0 on win32)" generated="20211209 14:56:38.365" rpa="false" schemaversion="2">
<suite id="s1" name="Tests" source="C:\GravidadeZERO\nbank\tests">
<suite id="s1-s1" name="Saldo" source="C:\GravidadeZERO\nbank\tests\saldo.robot">
<test id="s1-s1-t1" name="Cenario 1: verificar saldo">
<kw name="Start Session" library="base" type="SETUP">
<kw name="New Browser" library="Browser">
<arg>chromium</arg>
<arg>headless=False</arg>
<arg>slowMo=00:00:01</arg>
<tag>BrowserControl</tag>
<tag>Setter</tag>
<doc>Create a new playwright Browser with specified options.</doc>
<msg timestamp="20211209 14:56:39.139" level="INFO">{"browser": "chromium", "headless": false, "handleSIGINT": true, "handleSIGTERM": true, "handleSIGHUP": true, "timeout": 30000.0, "devtools": false, "slowMo": 1000.0, "tracesDir": "C:\\GravidadeZERO\\nbank\\logs\\browser\\traces\\c1ccc8d4-a1f4-4daa-9e9d-6231a0dfb12a"}</msg>
<msg timestamp="20211209 14:56:39.669" level="INFO">Successfully created browser with options: {"browser":"chromium","headless":false,"handleSIGINT":true,"handleSIGTERM":true,"handleSIGHUP":true,"timeout":30000,"devtools":false,"slowMo":1000,"tracesDir":"C:\\GravidadeZERO\\nbank\\logs\\browser\\traces\\c1ccc8d4-a1f4-4daa-9e9d-6231a0dfb12a"}</msg>
<status status="PASS" starttime="20211209 14:56:39.139" endtime="20211209 14:56:39.670"/>
</kw>
<kw name="New Page" library="Browser">
<arg>${BASE_URL}</arg>
<tag>BrowserControl</tag>
<tag>Setter</tag>
<doc>Open a new Page. A Page is the Playwright equivalent to a tab.
See `Browser, Context and Page` for more information about Page concept.
Returns a stable identifier for the created page.</doc>
<msg timestamp="20211209 14:56:41.586" level="INFO">Successfully initialized new page object and opened url: https://nbank.vercel.app</msg>
<msg timestamp="20211209 14:56:41.586" level="INFO">No context was open. New context was automatically opened when this page is created.</msg>
<status status="PASS" starttime="20211209 14:56:39.670" endtime="20211209 14:56:41.586"/>
</kw>
<status status="PASS" starttime="20211209 14:56:39.138" endtime="20211209 14:56:41.587"/>
</kw>
<kw name="Ir para a página inicial" library="actions">
<arg>nBank by QAninja</arg>
<kw name="Get Title" library="Browser">
<arg>equal</arg>
<arg>nBank by QAninja</arg>
<tag>Assertion</tag>
<tag>Getter</tag>
<tag>PageContent</tag>
<doc>Returns the title of the current page.</doc>
<status status="PASS" starttime="20211209 14:56:41.587" endtime="20211209 14:56:41.591"/>
</kw>
<kw name="Wait For Elements State" library="Browser">
<arg>css=.carousel</arg>
<arg>visible</arg>
<arg>5</arg>
<tag>PageContent</tag>
<tag>Wait</tag>
<doc>Waits for the element found by ``selector`` to satisfy state option.</doc>
<msg timestamp="20211209 14:56:41.605" level="INFO">Waited for Element with selector css=.carousel at state visible</msg>
<status status="PASS" starttime="20211209 14:56:41.591" endtime="20211209 14:56:41.605"/>
</kw>
<status status="PASS" starttime="20211209 14:56:41.587" endtime="20211209 14:56:41.605"/>
</kw>
<kw name="Checar saldo" library="actions">
<arg>Papito</arg>
<arg>1000</arg>
<kw name="Wait For Elements State" library="Browser">
<arg>css=.navbar-item &gt;&gt; text= Olá ${usuario}, seu saldo é R$ ${saldo}</arg>
<arg>visible</arg>
<arg>5</arg>
<tag>PageContent</tag>
<tag>Wait</tag>
<doc>Waits for the element found by ``selector`` to satisfy state option.</doc>
<msg timestamp="20211209 14:56:41.611" level="INFO">Waited for Element with selector css=.navbar-item &gt;&gt; text= Olá Papito, seu saldo é R$ 1000 at state visible</msg>
<status status="PASS" starttime="20211209 14:56:41.605" endtime="20211209 14:56:41.611"/>
</kw>
<status status="PASS" starttime="20211209 14:56:41.605" endtime="20211209 14:56:41.611"/>
</kw>
<kw name="End Session" library="base" type="TEARDOWN">
<kw name="Take Screenshot" library="Browser">
<tag>PageContent</tag>
<doc>Takes a screenshot of the current window or element and saves it to disk.</doc>
<msg timestamp="20211209 14:56:41.697" level="INFO" html="true">&lt;/td&gt;&lt;/tr&gt;&lt;tr&gt;&lt;td colspan="3"&gt;&lt;a href="browser/screenshot/robotframework-browser-screenshot-1.png"&gt;&lt;img src="browser/screenshot/robotframework-browser-screenshot-1.png" width="800px"&gt;&lt;/a&gt;</msg>
<status status="PASS" starttime="20211209 14:56:41.612" endtime="20211209 14:56:41.697"/>
</kw>
<status status="PASS" starttime="20211209 14:56:41.611" endtime="20211209 14:56:41.697"/>
</kw>
<tag>saldo</tag>
<status status="PASS" starttime="20211209 14:56:39.137" endtime="20211209 14:56:41.697"/>
</test>
<doc>Suite de testes para a verificação do saldo</doc>
<status status="PASS" starttime="20211209 14:56:38.379" endtime="20211209 14:56:41.728"/>
</suite>
<suite id="s1-s2" name="Transações" source="C:\GravidadeZERO\nbank\tests\transações.robot">
<test id="s1-s2-t1" name="Cenario 2: enviar PIX com valor válido">
<kw name="Start Session" library="base" type="SETUP">
<kw name="New Browser" library="Browser">
<arg>chromium</arg>
<arg>headless=False</arg>
<arg>slowMo=00:00:01</arg>
<tag>BrowserControl</tag>
<tag>Setter</tag>
<doc>Create a new playwright Browser with specified options.</doc>
<msg timestamp="20211209 14:56:41.747" level="INFO">{"browser": "chromium", "headless": false, "handleSIGINT": true, "handleSIGTERM": true, "handleSIGHUP": true, "timeout": 30000.0, "devtools": false, "slowMo": 1000.0, "tracesDir": "C:\\GravidadeZERO\\nbank\\logs\\browser\\traces\\180f8df9-d18c-4197-9a01-1dcfdbc0fef0"}</msg>
<msg timestamp="20211209 14:56:42.390" level="INFO">Successfully created browser with options: {"browser":"chromium","headless":false,"handleSIGINT":true,"handleSIGTERM":true,"handleSIGHUP":true,"timeout":30000,"devtools":false,"slowMo":1000,"tracesDir":"C:\\GravidadeZERO\\nbank\\logs\\browser\\traces\\180f8df9-d18c-4197-9a01-1dcfdbc0fef0"}</msg>
<status status="PASS" starttime="20211209 14:56:41.747" endtime="20211209 14:56:42.390"/>
</kw>
<kw name="New Page" library="Browser">
<arg>${BASE_URL}</arg>
<tag>BrowserControl</tag>
<tag>Setter</tag>
<doc>Open a new Page. A Page is the Playwright equivalent to a tab.
See `Browser, Context and Page` for more information about Page concept.
Returns a stable identifier for the created page.</doc>
<msg timestamp="20211209 14:56:44.202" level="INFO">Successfully initialized new page object and opened url: https://nbank.vercel.app</msg>
<msg timestamp="20211209 14:56:44.202" level="INFO">No context was open. New context was automatically opened when this page is created.</msg>
<status status="PASS" starttime="20211209 14:56:42.390" endtime="20211209 14:56:44.202"/>
</kw>
<status status="PASS" starttime="20211209 14:56:41.746" endtime="20211209 14:56:44.202"/>
</kw>
<kw name="Factory Enviar Pix" library="values">
<var>${pix_dados}</var>
<msg timestamp="20211209 14:56:44.202" level="INFO">${pix_dados} = {'banco': 'Nubank', 'chave': 'renato@renato.com', 'valor': '100'}</msg>
<status status="PASS" starttime="20211209 14:56:44.202" endtime="20211209 14:56:44.202"/>
</kw>
<kw name="Ir para a página inicial" library="actions">
<arg>nBank by QAninja</arg>
<kw name="Get Title" library="Browser">
<arg>equal</arg>
<arg>nBank by QAninja</arg>
<tag>Assertion</tag>
<tag>Getter</tag>
<tag>PageContent</tag>
<doc>Returns the title of the current page.</doc>
<status status="PASS" starttime="20211209 14:56:44.203" endtime="20211209 14:56:44.206"/>
</kw>
<kw name="Wait For Elements State" library="Browser">
<arg>css=.carousel</arg>
<arg>visible</arg>
<arg>5</arg>
<tag>PageContent</tag>
<tag>Wait</tag>
<doc>Waits for the element found by ``selector`` to satisfy state option.</doc>
<msg timestamp="20211209 14:56:44.216" level="INFO">Waited for Element with selector css=.carousel at state visible</msg>
<status status="PASS" starttime="20211209 14:56:44.206" endtime="20211209 14:56:44.216"/>
</kw>
<status status="PASS" starttime="20211209 14:56:44.203" endtime="20211209 14:56:44.217"/>
</kw>
<kw name="Acessar tela para envio de PIX" library="actions">
<kw name="Click" library="Browser">
<arg>text=Fazer PIX</arg>
<tag>PageContent</tag>
<tag>Setter</tag>
<doc>Simulates mouse click on the element found by ``selector``.</doc>
<status status="PASS" starttime="20211209 14:56:44.217" endtime="20211209 14:56:45.270"/>
</kw>
<kw name="Wait For Elements State" library="Browser">
<arg>css=.modal-card-title &gt;&gt; text=PIX</arg>
<arg>visible</arg>
<arg>5</arg>
<tag>PageContent</tag>
<tag>Wait</tag>
<doc>Waits for the element found by ``selector`` to satisfy state option.</doc>
<msg timestamp="20211209 14:56:45.274" level="INFO">Waited for Element with selector css=.modal-card-title &gt;&gt; text=PIX at state visible</msg>
<status status="PASS" starttime="20211209 14:56:45.270" endtime="20211209 14:56:45.274"/>
</kw>
<status status="PASS" starttime="20211209 14:56:44.217" endtime="20211209 14:56:45.274"/>
</kw>
<kw name="Preencher tela de envio do PIX" library="actions">
<arg>${pix_dados}</arg>
<kw name="Select Options By" library="Browser">
<arg>css=.field select</arg>
<arg>text</arg>
<arg>${pix_dados}[banco]</arg>
<tag>PageContent</tag>
<tag>Setter</tag>
<doc>Selects options from select element found by ``selector``.</doc>
<status status="PASS" starttime="20211209 14:56:45.275" endtime="20211209 14:56:46.293"/>
</kw>
<kw name="Fill Text" library="Browser">
<arg>id=chave-pix</arg>
<arg>${pix_dados}[chave]</arg>
<tag>PageContent</tag>
<tag>Setter</tag>
<doc>Clears and fills the given ``txt`` into the text field found by ``selector``.</doc>
<msg timestamp="20211209 14:56:46.293" level="INFO">Fills the text 'renato@renato.com' in the given field.</msg>
<status status="PASS" starttime="20211209 14:56:46.293" endtime="20211209 14:56:47.314"/>
</kw>
<kw name="Fill Text" library="Browser">
<arg>id=valor</arg>
<arg>${pix_dados}[valor]</arg>
<tag>PageContent</tag>
<tag>Setter</tag>
<doc>Clears and fills the given ``txt`` into the text field found by ``selector``.</doc>
<msg timestamp="20211209 14:56:47.314" level="INFO">Fills the text '100' in the given field.</msg>
<status status="PASS" starttime="20211209 14:56:47.314" endtime="20211209 14:56:48.334"/>
</kw>
<status status="PASS" starttime="20211209 14:56:45.275" endtime="20211209 14:56:48.334"/>
</kw>
<kw name="Clicar no botão Enviar PIX" library="actions">
<kw name="Click" library="Browser">
<arg>text=Enviar PIX</arg>
<tag>PageContent</tag>
<tag>Setter</tag>
<doc>Simulates mouse click on the element found by ``selector``.</doc>
<status status="PASS" starttime="20211209 14:56:48.335" endtime="20211209 14:56:49.370"/>
</kw>
<status status="PASS" starttime="20211209 14:56:48.335" endtime="20211209 14:56:49.371"/>
</kw>
<kw name="Validar transação" library="actions">
<arg>${pix_dados}</arg>
<kw name="Set Variable" library="BuiltIn">
<var>${elemento}</var>
<arg>//td[contains(text(),"${pix_dados}[chave]")]/..</arg>
<doc>Returns the given values which can then be assigned to a variables.</doc>
<msg timestamp="20211209 14:56:49.371" level="INFO">${elemento} = //td[contains(text(),"renato@renato.com")]/..</msg>
<status status="PASS" starttime="20211209 14:56:49.371" endtime="20211209 14:56:49.371"/>
</kw>
<kw name="Wait For Elements State" library="Browser">
<arg>${elemento}</arg>
<arg>visible</arg>
<arg>5</arg>
<tag>PageContent</tag>
<tag>Wait</tag>
<doc>Waits for the element found by ``selector`` to satisfy state option.</doc>
<msg timestamp="20211209 14:56:49.376" level="INFO">Waited for Element with selector //td[contains(text(),"renato@renato.com")]/.. at state visible</msg>
<status status="PASS" starttime="20211209 14:56:49.371" endtime="20211209 14:56:49.376"/>
</kw>
<kw name="Get Text" library="Browser">
<arg>${elemento}</arg>
<arg>contains</arg>
<arg>${pix_dados}[valor]</arg>
<tag>Assertion</tag>
<tag>Getter</tag>
<tag>PageContent</tag>
<doc>Returns text attribute of the element found by ``selector``.</doc>
<status status="PASS" starttime="20211209 14:56:49.376" endtime="20211209 14:56:49.389"/>
</kw>
<status status="PASS" starttime="20211209 14:56:49.371" endtime="20211209 14:56:49.390"/>
</kw>
<kw name="End Session" library="base" type="TEARDOWN">
<kw name="Take Screenshot" library="Browser">
<tag>PageContent</tag>
<doc>Takes a screenshot of the current window or element and saves it to disk.</doc>
<msg timestamp="20211209 14:56:49.478" level="INFO" html="true">&lt;/td&gt;&lt;/tr&gt;&lt;tr&gt;&lt;td colspan="3"&gt;&lt;a href="browser/screenshot/robotframework-browser-screenshot-2.png"&gt;&lt;img src="browser/screenshot/robotframework-browser-screenshot-2.png" width="800px"&gt;&lt;/a&gt;</msg>
<status status="PASS" starttime="20211209 14:56:49.390" endtime="20211209 14:56:49.478"/>
</kw>
<status status="PASS" starttime="20211209 14:56:49.390" endtime="20211209 14:56:49.478"/>
</kw>
<tag>pix_valido</tag>
<status status="PASS" starttime="20211209 14:56:41.745" endtime="20211209 14:56:49.479"/>
</test>
<test id="s1-s2-t2" name="Cenário 3: enviar PIX com valor zerado">
<kw name="Start Session" library="base" type="SETUP">
<kw name="New Browser" library="Browser">
<arg>chromium</arg>
<arg>headless=False</arg>
<arg>slowMo=00:00:01</arg>
<tag>BrowserControl</tag>
<tag>Setter</tag>
<doc>Create a new playwright Browser with specified options.</doc>
<msg timestamp="20211209 14:56:49.509" level="INFO">{"browser": "chromium", "headless": false, "handleSIGINT": true, "handleSIGTERM": true, "handleSIGHUP": true, "timeout": 30000.0, "devtools": false, "slowMo": 1000.0, "tracesDir": "C:\\GravidadeZERO\\nbank\\logs\\browser\\traces\\c4938d1f-aed6-476f-b4a0-50131b14f9d0"}</msg>
<msg timestamp="20211209 14:56:50.178" level="INFO">Successfully created browser with options: {"browser":"chromium","headless":false,"handleSIGINT":true,"handleSIGTERM":true,"handleSIGHUP":true,"timeout":30000,"devtools":false,"slowMo":1000,"tracesDir":"C:\\GravidadeZERO\\nbank\\logs\\browser\\traces\\c4938d1f-aed6-476f-b4a0-50131b14f9d0"}</msg>
<status status="PASS" starttime="20211209 14:56:49.509" endtime="20211209 14:56:50.178"/>
</kw>
<kw name="New Page" library="Browser">
<arg>${BASE_URL}</arg>
<tag>BrowserControl</tag>
<tag>Setter</tag>
<doc>Open a new Page. A Page is the Playwright equivalent to a tab.
See `Browser, Context and Page` for more information about Page concept.
Returns a stable identifier for the created page.</doc>
<msg timestamp="20211209 14:56:52.046" level="INFO">Successfully initialized new page object and opened url: https://nbank.vercel.app</msg>
<msg timestamp="20211209 14:56:52.046" level="INFO">No context was open. New context was automatically opened when this page is created.</msg>
<status status="PASS" starttime="20211209 14:56:50.178" endtime="20211209 14:56:52.047"/>
</kw>
<status status="PASS" starttime="20211209 14:56:49.509" endtime="20211209 14:56:52.047"/>
</kw>
<kw name="Factory Pix Zerado" library="values">
<var>${pix_dados}</var>
<msg timestamp="20211209 14:56:52.047" level="INFO">${pix_dados} = {'banco': 'C6 Bank', 'chave': 'renato@reis.com', 'valor': '0'}</msg>
<status status="PASS" starttime="20211209 14:56:52.047" endtime="20211209 14:56:52.047"/>
</kw>
<kw name="Ir para a página inicial" library="actions">
<arg>nBank by QAninja</arg>
<kw name="Get Title" library="Browser">
<arg>equal</arg>
<arg>nBank by QAninja</arg>
<tag>Assertion</tag>
<tag>Getter</tag>
<tag>PageContent</tag>
<doc>Returns the title of the current page.</doc>
<status status="PASS" starttime="20211209 14:56:52.048" endtime="20211209 14:56:52.051"/>
</kw>
<kw name="Wait For Elements State" library="Browser">
<arg>css=.carousel</arg>
<arg>visible</arg>
<arg>5</arg>
<tag>PageContent</tag>
<tag>Wait</tag>
<doc>Waits for the element found by ``selector`` to satisfy state option.</doc>
<msg timestamp="20211209 14:56:52.061" level="INFO">Waited for Element with selector css=.carousel at state visible</msg>
<status status="PASS" starttime="20211209 14:56:52.051" endtime="20211209 14:56:52.061"/>
</kw>
<status status="PASS" starttime="20211209 14:56:52.047" endtime="20211209 14:56:52.061"/>
</kw>
<kw name="Acessar tela para envio de PIX" library="actions">
<kw name="Click" library="Browser">
<arg>text=Fazer PIX</arg>
<tag>PageContent</tag>
<tag>Setter</tag>
<doc>Simulates mouse click on the element found by ``selector``.</doc>
<status status="PASS" starttime="20211209 14:56:52.062" endtime="20211209 14:56:53.115"/>
</kw>
<kw name="Wait For Elements State" library="Browser">
<arg>css=.modal-card-title &gt;&gt; text=PIX</arg>
<arg>visible</arg>
<arg>5</arg>
<tag>PageContent</tag>
<tag>Wait</tag>
<doc>Waits for the element found by ``selector`` to satisfy state option.</doc>
<msg timestamp="20211209 14:56:53.119" level="INFO">Waited for Element with selector css=.modal-card-title &gt;&gt; text=PIX at state visible</msg>
<status status="PASS" starttime="20211209 14:56:53.115" endtime="20211209 14:56:53.119"/>
</kw>
<status status="PASS" starttime="20211209 14:56:52.062" endtime="20211209 14:56:53.120"/>
</kw>
<kw name="Preencher tela de envio do PIX" library="actions">
<arg>${pix_dados}</arg>
<kw name="Select Options By" library="Browser">
<arg>css=.field select</arg>
<arg>text</arg>
<arg>${pix_dados}[banco]</arg>
<tag>PageContent</tag>
<tag>Setter</tag>
<doc>Selects options from select element found by ``selector``.</doc>
<status status="PASS" starttime="20211209 14:56:53.120" endtime="20211209 14:56:54.138"/>
</kw>
<kw name="Fill Text" library="Browser">
<arg>id=chave-pix</arg>
<arg>${pix_dados}[chave]</arg>
<tag>PageContent</tag>
<tag>Setter</tag>
<doc>Clears and fills the given ``txt`` into the text field found by ``selector``.</doc>
<msg timestamp="20211209 14:56:54.138" level="INFO">Fills the text 'renato@reis.com' in the given field.</msg>
<status status="PASS" starttime="20211209 14:56:54.138" endtime="20211209 14:56:55.160"/>
</kw>
<kw name="Fill Text" library="Browser">
<arg>id=valor</arg>
<arg>${pix_dados}[valor]</arg>
<tag>PageContent</tag>
<tag>Setter</tag>
<doc>Clears and fills the given ``txt`` into the text field found by ``selector``.</doc>
<msg timestamp="20211209 14:56:55.161" level="INFO">Fills the text '0' in the given field.</msg>
<status status="PASS" starttime="20211209 14:56:55.161" endtime="20211209 14:56:56.182"/>
</kw>
<status status="PASS" starttime="20211209 14:56:53.120" endtime="20211209 14:56:56.182"/>
</kw>
<kw name="Clicar no botão Enviar PIX" library="actions">
<kw name="Click" library="Browser">
<arg>text=Enviar PIX</arg>
<tag>PageContent</tag>
<tag>Setter</tag>
<doc>Simulates mouse click on the element found by ``selector``.</doc>
<status status="PASS" starttime="20211209 14:56:56.183" endtime="20211209 14:56:57.219"/>
</kw>
<status status="PASS" starttime="20211209 14:56:56.182" endtime="20211209 14:56:57.219"/>
</kw>
<kw name="Visualizar mensagem de alerta" library="actions">
<arg>Oops. Transferir ZERO é osso hein...</arg>
<kw name="Set Variable" library="BuiltIn">
<var>${elemento}</var>
<arg>css=.media-content</arg>
<doc>Returns the given values which can then be assigned to a variables.</doc>
<msg timestamp="20211209 14:56:57.220" level="INFO">${elemento} = css=.media-content</msg>
<status status="PASS" starttime="20211209 14:56:57.220" endtime="20211209 14:56:57.220"/>
</kw>
<kw name="Wait For Elements State" library="Browser">
<arg>${elemento}</arg>
<arg>visible</arg>
<arg>5</arg>
<tag>PageContent</tag>
<tag>Wait</tag>
<doc>Waits for the element found by ``selector`` to satisfy state option.</doc>
<msg timestamp="20211209 14:56:57.225" level="INFO">Waited for Element with selector css=.media-content at state visible</msg>
<status status="PASS" starttime="20211209 14:56:57.220" endtime="20211209 14:56:57.225"/>
</kw>
<kw name="Get Text" library="Browser">
<arg>${elemento}</arg>
<arg>equal</arg>
<arg>${mensagem}</arg>
<tag>Assertion</tag>
<tag>Getter</tag>
<tag>PageContent</tag>
<doc>Returns text attribute of the element found by ``selector``.</doc>
<status status="PASS" starttime="20211209 14:56:57.225" endtime="20211209 14:56:57.237"/>
</kw>
<status status="PASS" starttime="20211209 14:56:57.219" endtime="20211209 14:56:57.237"/>
</kw>
<kw name="End Session" library="base" type="TEARDOWN">
<kw name="Take Screenshot" library="Browser">
<tag>PageContent</tag>
<doc>Takes a screenshot of the current window or element and saves it to disk.</doc>
<msg timestamp="20211209 14:56:57.336" level="INFO" html="true">&lt;/td&gt;&lt;/tr&gt;&lt;tr&gt;&lt;td colspan="3"&gt;&lt;a href="browser/screenshot/robotframework-browser-screenshot-3.png"&gt;&lt;img src="browser/screenshot/robotframework-browser-screenshot-3.png" width="800px"&gt;&lt;/a&gt;</msg>
<status status="PASS" starttime="20211209 14:56:57.237" endtime="20211209 14:56:57.336"/>
</kw>
<status status="PASS" starttime="20211209 14:56:57.237" endtime="20211209 14:56:57.336"/>
</kw>
<tag>pix_zerado</tag>
<status status="PASS" starttime="20211209 14:56:49.507" endtime="20211209 14:56:57.336"/>
</test>
<test id="s1-s2-t3" name="Cenário 4: enviar PIX com valor negativo">
<kw name="Start Session" library="base" type="SETUP">
<kw name="New Browser" library="Browser">
<arg>chromium</arg>
<arg>headless=False</arg>
<arg>slowMo=00:00:01</arg>
<tag>BrowserControl</tag>
<tag>Setter</tag>
<doc>Create a new playwright Browser with specified options.</doc>
<msg timestamp="20211209 14:56:57.369" level="INFO">{"browser": "chromium", "headless": false, "handleSIGINT": true, "handleSIGTERM": true, "handleSIGHUP": true, "timeout": 30000.0, "devtools": false, "slowMo": 1000.0, "tracesDir": "C:\\GravidadeZERO\\nbank\\logs\\browser\\traces\\746c0b5f-8bd2-426d-8d7f-9450b3f9c50e"}</msg>
<msg timestamp="20211209 14:56:57.870" level="INFO">Successfully created browser with options: {"browser":"chromium","headless":false,"handleSIGINT":true,"handleSIGTERM":true,"handleSIGHUP":true,"timeout":30000,"devtools":false,"slowMo":1000,"tracesDir":"C:\\GravidadeZERO\\nbank\\logs\\browser\\traces\\746c0b5f-8bd2-426d-8d7f-9450b3f9c50e"}</msg>
<status status="PASS" starttime="20211209 14:56:57.368" endtime="20211209 14:56:57.870"/>
</kw>
<kw name="New Page" library="Browser">
<arg>${BASE_URL}</arg>
<tag>BrowserControl</tag>
<tag>Setter</tag>
<doc>Open a new Page. A Page is the Playwright equivalent to a tab.
See `Browser, Context and Page` for more information about Page concept.
Returns a stable identifier for the created page.</doc>
<msg timestamp="20211209 14:56:59.677" level="INFO">Successfully initialized new page object and opened url: https://nbank.vercel.app</msg>
<msg timestamp="20211209 14:56:59.677" level="INFO">No context was open. New context was automatically opened when this page is created.</msg>
<status status="PASS" starttime="20211209 14:56:57.870" endtime="20211209 14:56:59.677"/>
</kw>
<status status="PASS" starttime="20211209 14:56:57.368" endtime="20211209 14:56:59.677"/>
</kw>
<kw name="Factory Pix Negativo" library="values">
<var>${pix_dados}</var>
<msg timestamp="20211209 14:56:59.678" level="INFO">${pix_dados} = {'banco': 'Next', 'chave': 'reis@renato.com', 'valor': '-1'}</msg>
<status status="PASS" starttime="20211209 14:56:59.678" endtime="20211209 14:56:59.678"/>
</kw>
<kw name="Ir para a página inicial" library="actions">
<arg>nBank by QAninja</arg>
<kw name="Get Title" library="Browser">
<arg>equal</arg>
<arg>nBank by QAninja</arg>
<tag>Assertion</tag>
<tag>Getter</tag>
<tag>PageContent</tag>
<doc>Returns the title of the current page.</doc>
<status status="PASS" starttime="20211209 14:56:59.678" endtime="20211209 14:56:59.681"/>
</kw>
<kw name="Wait For Elements State" library="Browser">
<arg>css=.carousel</arg>
<arg>visible</arg>
<arg>5</arg>
<tag>PageContent</tag>
<tag>Wait</tag>
<doc>Waits for the element found by ``selector`` to satisfy state option.</doc>
<msg timestamp="20211209 14:56:59.692" level="INFO">Waited for Element with selector css=.carousel at state visible</msg>
<status status="PASS" starttime="20211209 14:56:59.681" endtime="20211209 14:56:59.692"/>
</kw>
<status status="PASS" starttime="20211209 14:56:59.678" endtime="20211209 14:56:59.692"/>
</kw>
<kw name="Acessar tela para envio de PIX" library="actions">
<kw name="Click" library="Browser">
<arg>text=Fazer PIX</arg>
<tag>PageContent</tag>
<tag>Setter</tag>
<doc>Simulates mouse click on the element found by ``selector``.</doc>
<status status="PASS" starttime="20211209 14:56:59.692" endtime="20211209 14:57:00.732"/>
</kw>
<kw name="Wait For Elements State" library="Browser">
<arg>css=.modal-card-title &gt;&gt; text=PIX</arg>
<arg>visible</arg>
<arg>5</arg>
<tag>PageContent</tag>
<tag>Wait</tag>
<doc>Waits for the element found by ``selector`` to satisfy state option.</doc>
<msg timestamp="20211209 14:57:00.736" level="INFO">Waited for Element with selector css=.modal-card-title &gt;&gt; text=PIX at state visible</msg>
<status status="PASS" starttime="20211209 14:57:00.732" endtime="20211209 14:57:00.736"/>
</kw>
<status status="PASS" starttime="20211209 14:56:59.692" endtime="20211209 14:57:00.736"/>
</kw>
<kw name="Preencher tela de envio do PIX" library="actions">
<arg>${pix_dados}</arg>
<kw name="Select Options By" library="Browser">
<arg>css=.field select</arg>
<arg>text</arg>
<arg>${pix_dados}[banco]</arg>
<tag>PageContent</tag>
<tag>Setter</tag>
<doc>Selects options from select element found by ``selector``.</doc>
<status status="PASS" starttime="20211209 14:57:00.737" endtime="20211209 14:57:01.756"/>
</kw>
<kw name="Fill Text" library="Browser">
<arg>id=chave-pix</arg>
<arg>${pix_dados}[chave]</arg>
<tag>PageContent</tag>
<tag>Setter</tag>
<doc>Clears and fills the given ``txt`` into the text field found by ``selector``.</doc>
<msg timestamp="20211209 14:57:01.756" level="INFO">Fills the text 'reis@renato.com' in the given field.</msg>
<status status="PASS" starttime="20211209 14:57:01.756" endtime="20211209 14:57:02.778"/>
</kw>
<kw name="Fill Text" library="Browser">
<arg>id=valor</arg>
<arg>${pix_dados}[valor]</arg>
<tag>PageContent</tag>
<tag>Setter</tag>
<doc>Clears and fills the given ``txt`` into the text field found by ``selector``.</doc>
<msg timestamp="20211209 14:57:02.778" level="INFO">Fills the text '-1' in the given field.</msg>
<status status="PASS" starttime="20211209 14:57:02.778" endtime="20211209 14:57:03.799"/>
</kw>
<status status="PASS" starttime="20211209 14:57:00.737" endtime="20211209 14:57:03.799"/>
</kw>
<kw name="Clicar no botão Enviar PIX" library="actions">
<kw name="Click" library="Browser">
<arg>text=Enviar PIX</arg>
<tag>PageContent</tag>
<tag>Setter</tag>
<doc>Simulates mouse click on the element found by ``selector``.</doc>
<status status="PASS" starttime="20211209 14:57:03.800" endtime="20211209 14:57:04.836"/>
</kw>
<status status="PASS" starttime="20211209 14:57:03.800" endtime="20211209 14:57:04.837"/>
</kw>
<kw name="Visualizar mensagem de alerta" library="actions">
<arg>Oops. Valor para PIX incorreto...</arg>
<kw name="Set Variable" library="BuiltIn">
<var>${elemento}</var>
<arg>css=.media-content</arg>
<doc>Returns the given values which can then be assigned to a variables.</doc>
<msg timestamp="20211209 14:57:04.837" level="INFO">${elemento} = css=.media-content</msg>
<status status="PASS" starttime="20211209 14:57:04.837" endtime="20211209 14:57:04.837"/>
</kw>
<kw name="Wait For Elements State" library="Browser">
<arg>${elemento}</arg>
<arg>visible</arg>
<arg>5</arg>
<tag>PageContent</tag>
<tag>Wait</tag>
<doc>Waits for the element found by ``selector`` to satisfy state option.</doc>
<msg timestamp="20211209 14:57:04.842" level="INFO">Waited for Element with selector css=.media-content at state visible</msg>
<status status="PASS" starttime="20211209 14:57:04.837" endtime="20211209 14:57:04.843"/>
</kw>
<kw name="Get Text" library="Browser">
<arg>${elemento}</arg>
<arg>equal</arg>
<arg>${mensagem}</arg>
<tag>Assertion</tag>
<tag>Getter</tag>
<tag>PageContent</tag>
<doc>Returns text attribute of the element found by ``selector``.</doc>
<msg timestamp="20211209 14:57:05.972" level="INFO" html="true">&lt;/td&gt;&lt;/tr&gt;&lt;tr&gt;&lt;td colspan="3"&gt;&lt;a href="browser/screenshot/fail-screenshot-1.png"&gt;&lt;img src="browser/screenshot/fail-screenshot-1.png" width="800px"&gt;&lt;/a&gt;</msg>
<msg timestamp="20211209 14:57:05.973" level="FAIL">Text 'Oops. Transferir ZERO é osso hein...' (str) should be 'Oops. Valor para PIX incorreto...' (str)</msg>
<status status="FAIL" starttime="20211209 14:57:04.843" endtime="20211209 14:57:05.973"/>
</kw>
<status status="FAIL" starttime="20211209 14:57:04.837" endtime="20211209 14:57:05.974"/>
</kw>
<kw name="End Session" library="base" type="TEARDOWN">
<kw name="Take Screenshot" library="Browser">
<tag>PageContent</tag>
<doc>Takes a screenshot of the current window or element and saves it to disk.</doc>
<msg timestamp="20211209 14:57:06.070" level="INFO" html="true">&lt;/td&gt;&lt;/tr&gt;&lt;tr&gt;&lt;td colspan="3"&gt;&lt;a href="browser/screenshot/robotframework-browser-screenshot-4.png"&gt;&lt;img src="browser/screenshot/robotframework-browser-screenshot-4.png" width="800px"&gt;&lt;/a&gt;</msg>
<status status="PASS" starttime="20211209 14:57:05.974" endtime="20211209 14:57:06.070"/>
</kw>
<status status="PASS" starttime="20211209 14:57:05.974" endtime="20211209 14:57:06.070"/>
</kw>
<tag>pix_negativo</tag>
<status status="FAIL" starttime="20211209 14:56:57.366" endtime="20211209 14:57:06.071">Text 'Oops. Transferir ZERO é osso hein...' (str) should be 'Oops. Valor para PIX incorreto...' (str)</status>
</test>
<doc>Suite de testes para a realizar transações do PIX</doc>
<status status="FAIL" starttime="20211209 14:56:41.731" endtime="20211209 14:57:06.099"/>
</suite>
<status status="FAIL" starttime="20211209 14:56:38.366" endtime="20211209 14:57:06.102"/>
</suite>
<statistics>
<total>
<stat pass="3" fail="1" skip="0">All Tests</stat>
</total>
<tag>
<stat pass="0" fail="1" skip="0">pix_negativo</stat>
<stat pass="1" fail="0" skip="0">pix_valido</stat>
<stat pass="1" fail="0" skip="0">pix_zerado</stat>
<stat pass="1" fail="0" skip="0">saldo</stat>
</tag>
<suite>
<stat pass="3" fail="1" skip="0" id="s1" name="Tests">Tests</stat>
<stat pass="1" fail="0" skip="0" id="s1-s1" name="Saldo">Tests.Saldo</stat>
<stat pass="2" fail="1" skip="0" id="s1-s2" name="Transações">Tests.Transações</stat>
</suite>
</statistics>
<errors>
</errors>
</robot>
